<?xml version="1.0" encoding="UTF-8"?>
<!-- Generated by org.testng.reporters.JUnitXMLReporter -->
<testsuite hostname="CHETHAN-TYC1121700" ignored="1" name="Test2" tests="3" failures="0" timestamp="2022-01-25T09:54:14 IST" time="36.629" errors="0">
  <testcase name="createLoan" time="15.774" classname="testNG_Basics.TC_Accounts_010"/>
  <testcase name="modifyLoan" time="11.111" classname="testNG_Basics.TC_Loan_011"/>
  <testcase name="deleteLoan" time="9.685" classname="testNG_Basics.TC_Loan_013"/>
  <testcase name="repayLoan" time="0.0" classname="testNG_Basics.TC_Loan_012">
    <ignored/>
  </testcase> <!-- repayLoan -->
</testsuite> <!-- Test2 -->
