<?xml version="1.0" encoding="UTF-8"?>
<!-- Generated by org.testng.reporters.JUnitXMLReporter -->
<testsuite hostname="CHETHAN-TYC1121700" ignored="3" name="Test" tests="1" failures="0" timestamp="2022-01-25T09:26:03 IST" time="16.765" errors="0">
  <testcase name="deleteLoan" time="16.661" classname="testNG_Basics.TC_Loan_013"/>
  <testcase name="createLoan" time="0.0" classname="testNG_Basics.TC_Accounts_010">
    <ignored/>
  </testcase> <!-- createLoan -->
  <testcase name="repayLoan" time="0.0" classname="testNG_Basics.TC_Loan_012">
    <ignored/>
  </testcase> <!-- repayLoan -->
  <testcase name="modifyLoan" time="0.0" classname="testNG_Basics.TC_Loan_011">
    <ignored/>
  </testcase> <!-- modifyLoan -->
</testsuite> <!-- Test -->
