<?xml version="1.0" encoding="UTF-8"?>
<!-- Generated by org.testng.reporters.JUnitXMLReporter -->
<testsuite hostname="CHETHAN-TYC1121700" ignored="3" name="Test1" tests="1" failures="0" timestamp="2022-01-25T09:53:47 IST" time="10.15" errors="0">
  <testcase name="repayLoan" time="10.08" classname="testNG_Basics.TC_Loan_012"/>
  <testcase name="createLoan" time="0.0" classname="testNG_Basics.TC_Accounts_010">
    <ignored/>
  </testcase> <!-- createLoan -->
  <testcase name="deleteLoan" time="0.0" classname="testNG_Basics.TC_Loan_013">
    <ignored/>
  </testcase> <!-- deleteLoan -->
  <testcase name="modifyLoan" time="0.0" classname="testNG_Basics.TC_Loan_011">
    <ignored/>
  </testcase> <!-- modifyLoan -->
</testsuite> <!-- Test1 -->
